0 info it worked if it ends with ok
1 verbose cli [ '/usr/local/bin/node',
1 verbose cli   '/usr/local/bin/npm',
1 verbose cli   'install',
1 verbose cli   'pg-native' ]
2 info using npm@3.10.9
3 info using node@v7.2.0
4 silly loadCurrentTree Starting
5 silly install loadCurrentTree
6 silly install readLocalPackageData
7 silly fetchPackageMetaData pg-native
8 silly fetchNamedPackageData pg-native
9 silly mapToRegistry name pg-native
10 silly mapToRegistry using default registry
11 silly mapToRegistry registry https://registry.npmjs.org/
12 silly mapToRegistry data Result {
12 silly mapToRegistry   raw: 'pg-native',
12 silly mapToRegistry   scope: null,
12 silly mapToRegistry   escapedName: 'pg-native',
12 silly mapToRegistry   name: 'pg-native',
12 silly mapToRegistry   rawSpec: '',
12 silly mapToRegistry   spec: 'latest',
12 silly mapToRegistry   type: 'tag' }
13 silly mapToRegistry uri https://registry.npmjs.org/pg-native
14 verbose request uri https://registry.npmjs.org/pg-native
15 verbose request no auth needed
16 info attempt registry request try #1 at 2:02:29 PM
17 verbose request id 2c07e46f29117a6e
18 verbose etag W/"5679a1d6-a891"
19 verbose lastModified Tue, 22 Dec 2015 19:17:42 GMT
20 http request GET https://registry.npmjs.org/pg-native
21 http 304 https://registry.npmjs.org/pg-native
22 verbose headers { date: 'Sun, 26 Feb 2017 19:02:29 GMT',
22 verbose headers   via: '1.1 varnish',
22 verbose headers   'cache-control': 'max-age=300',
22 verbose headers   etag: 'W/"5679a1d6-a891"',
22 verbose headers   age: '135',
22 verbose headers   connection: 'keep-alive',
22 verbose headers   'x-served-by': 'cache-jfk8123-JFK',
22 verbose headers   'x-cache': 'HIT',
22 verbose headers   'x-cache-hits': '1',
22 verbose headers   'x-timer': 'S1488135749.204381,VS0,VE0',
22 verbose headers   vary: 'Accept-Encoding' }
23 silly get cb [ 304,
23 silly get   { date: 'Sun, 26 Feb 2017 19:02:29 GMT',
23 silly get     via: '1.1 varnish',
23 silly get     'cache-control': 'max-age=300',
23 silly get     etag: 'W/"5679a1d6-a891"',
23 silly get     age: '135',
23 silly get     connection: 'keep-alive',
23 silly get     'x-served-by': 'cache-jfk8123-JFK',
23 silly get     'x-cache': 'HIT',
23 silly get     'x-cache-hits': '1',
23 silly get     'x-timer': 'S1488135749.204381,VS0,VE0',
23 silly get     vary: 'Accept-Encoding' } ]
24 verbose etag https://registry.npmjs.org/pg-native from cache
25 verbose get saving pg-native to /home/jarod/.npm/registry.npmjs.org/pg-native/.cache.json
26 verbose correctMkdir /home/jarod/.npm correctMkdir not in flight; initializing
27 silly install normalizeTree
28 silly loadCurrentTree Finishing
29 silly loadIdealTree Starting
30 silly install loadIdealTree
31 silly cloneCurrentTree Starting
32 silly install cloneCurrentTreeToIdealTree
33 silly cloneCurrentTree Finishing
34 silly loadShrinkwrap Starting
35 silly install loadShrinkwrap
36 silly loadShrinkwrap Finishing
37 silly loadAllDepsIntoIdealTree Starting
38 silly install loadAllDepsIntoIdealTree
39 silly resolveWithNewModule pg-native@1.10.0 checking installable status
40 silly cache add args [ 'pg-native', null ]
41 verbose cache add spec pg-native
42 silly cache add parsed spec Result {
42 silly cache add   raw: 'pg-native',
42 silly cache add   scope: null,
42 silly cache add   escapedName: 'pg-native',
42 silly cache add   name: 'pg-native',
42 silly cache add   rawSpec: '',
42 silly cache add   spec: 'latest',
42 silly cache add   type: 'tag' }
43 silly addNamed pg-native@latest
44 verbose addNamed "latest" is being treated as a dist-tag for pg-native
45 info addNameTag [ 'pg-native', 'latest' ]
46 silly mapToRegistry name pg-native
47 silly mapToRegistry using default registry
48 silly mapToRegistry registry https://registry.npmjs.org/
49 silly mapToRegistry data Result {
49 silly mapToRegistry   raw: 'pg-native',
49 silly mapToRegistry   scope: null,
49 silly mapToRegistry   escapedName: 'pg-native',
49 silly mapToRegistry   name: 'pg-native',
49 silly mapToRegistry   rawSpec: '',
49 silly mapToRegistry   spec: 'latest',
49 silly mapToRegistry   type: 'tag' }
50 silly mapToRegistry uri https://registry.npmjs.org/pg-native
51 verbose addNameTag registry:https://registry.npmjs.org/pg-native not in flight; fetching
52 verbose get https://registry.npmjs.org/pg-native not expired, no request
53 silly addNameTag next cb for pg-native with tag latest
54 silly addNamed pg-native@1.10.0
55 verbose addNamed "1.10.0" is a plain semver version for pg-native
56 silly cache afterAdd pg-native@1.10.0
57 verbose afterAdd /home/jarod/.npm/pg-native/1.10.0/package/package.json not in flight; writing
58 verbose correctMkdir /home/jarod/.npm correctMkdir not in flight; initializing
59 verbose afterAdd /home/jarod/.npm/pg-native/1.10.0/package/package.json written
60 silly fetchNamedPackageData libpq
61 silly mapToRegistry name libpq
62 silly mapToRegistry using default registry
63 silly mapToRegistry registry https://registry.npmjs.org/
64 silly mapToRegistry data Result {
64 silly mapToRegistry   raw: 'libpq',
64 silly mapToRegistry   scope: null,
64 silly mapToRegistry   escapedName: 'libpq',
64 silly mapToRegistry   name: 'libpq',
64 silly mapToRegistry   rawSpec: '',
64 silly mapToRegistry   spec: 'latest',
64 silly mapToRegistry   type: 'tag' }
65 silly mapToRegistry uri https://registry.npmjs.org/libpq
66 verbose request uri https://registry.npmjs.org/libpq
67 verbose request no auth needed
68 info attempt registry request try #1 at 2:02:29 PM
69 verbose etag W/"57a20e1d-e371"
70 verbose lastModified Wed, 03 Aug 2016 15:30:37 GMT
71 http request GET https://registry.npmjs.org/libpq
72 http 304 https://registry.npmjs.org/libpq
73 verbose headers { date: 'Sun, 26 Feb 2017 19:02:29 GMT',
73 verbose headers   via: '1.1 varnish',
73 verbose headers   'cache-control': 'max-age=300',
73 verbose headers   etag: 'W/"57a20e1d-e371"',
73 verbose headers   age: '135',
73 verbose headers   connection: 'keep-alive',
73 verbose headers   'x-served-by': 'cache-jfk8123-JFK',
73 verbose headers   'x-cache': 'HIT',
73 verbose headers   'x-cache-hits': '1',
73 verbose headers   'x-timer': 'S1488135749.313466,VS0,VE0',
73 verbose headers   vary: 'Accept-Encoding' }
74 silly get cb [ 304,
74 silly get   { date: 'Sun, 26 Feb 2017 19:02:29 GMT',
74 silly get     via: '1.1 varnish',
74 silly get     'cache-control': 'max-age=300',
74 silly get     etag: 'W/"57a20e1d-e371"',
74 silly get     age: '135',
74 silly get     connection: 'keep-alive',
74 silly get     'x-served-by': 'cache-jfk8123-JFK',
74 silly get     'x-cache': 'HIT',
74 silly get     'x-cache-hits': '1',
74 silly get     'x-timer': 'S1488135749.313466,VS0,VE0',
74 silly get     vary: 'Accept-Encoding' } ]
75 verbose etag https://registry.npmjs.org/libpq from cache
76 verbose get saving libpq to /home/jarod/.npm/registry.npmjs.org/libpq/.cache.json
77 verbose correctMkdir /home/jarod/.npm correctMkdir not in flight; initializing
78 silly resolveWithNewModule libpq@1.8.5 checking installable status
79 silly cache add args [ 'libpq@^1.7.0', null ]
80 verbose cache add spec libpq@^1.7.0
81 silly cache add parsed spec Result {
81 silly cache add   raw: 'libpq@^1.7.0',
81 silly cache add   scope: null,
81 silly cache add   escapedName: 'libpq',
81 silly cache add   name: 'libpq',
81 silly cache add   rawSpec: '^1.7.0',
81 silly cache add   spec: '>=1.7.0 <2.0.0',
81 silly cache add   type: 'range' }
82 silly addNamed libpq@>=1.7.0 <2.0.0
83 verbose addNamed ">=1.7.0 <2.0.0" is a valid semver range for libpq
84 silly addNameRange { name: 'libpq', range: '>=1.7.0 <2.0.0', hasData: false }
85 silly mapToRegistry name libpq
86 silly mapToRegistry using default registry
87 silly mapToRegistry registry https://registry.npmjs.org/
88 silly mapToRegistry data Result {
88 silly mapToRegistry   raw: 'libpq',
88 silly mapToRegistry   scope: null,
88 silly mapToRegistry   escapedName: 'libpq',
88 silly mapToRegistry   name: 'libpq',
88 silly mapToRegistry   rawSpec: '',
88 silly mapToRegistry   spec: 'latest',
88 silly mapToRegistry   type: 'tag' }
89 silly mapToRegistry uri https://registry.npmjs.org/libpq
90 verbose addNameRange registry:https://registry.npmjs.org/libpq not in flight; fetching
91 verbose get https://registry.npmjs.org/libpq not expired, no request
92 silly addNameRange number 2 { name: 'libpq', range: '>=1.7.0 <2.0.0', hasData: true }
93 silly addNameRange versions [ 'libpq',
93 silly addNameRange   [ '0.2.0',
93 silly addNameRange     '0.2.1',
93 silly addNameRange     '0.2.2',
93 silly addNameRange     '0.2.3',
93 silly addNameRange     '0.2.4',
93 silly addNameRange     '0.2.5',
93 silly addNameRange     '0.3.0',
93 silly addNameRange     '0.4.0',
93 silly addNameRange     '0.4.1',
93 silly addNameRange     '0.5.0',
93 silly addNameRange     '0.5.1',
93 silly addNameRange     '0.5.2',
93 silly addNameRange     '0.5.3',
93 silly addNameRange     '1.0.0',
93 silly addNameRange     '1.0.1',
93 silly addNameRange     '1.1.0',
93 silly addNameRange     '1.2.0',
93 silly addNameRange     '1.2.1',
93 silly addNameRange     '1.3.0',
93 silly addNameRange     '1.3.1',
93 silly addNameRange     '1.4.0',
93 silly addNameRange     '1.4.1',
93 silly addNameRange     '1.4.2',
93 silly addNameRange     '1.5.1',
93 silly addNameRange     '1.6.0',
93 silly addNameRange     '1.6.1',
93 silly addNameRange     '1.6.2',
93 silly addNameRange     '1.6.3',
93 silly addNameRange     '1.6.4',
93 silly addNameRange     '1.7.0',
93 silly addNameRange     '1.8.0',
93 silly addNameRange     '1.8.1',
93 silly addNameRange     '1.8.2',
93 silly addNameRange     '1.8.3',
93 silly addNameRange     '1.8.4',
93 silly addNameRange     '1.8.5' ] ]
94 silly addNamed libpq@1.8.5
95 verbose addNamed "1.8.5" is a plain semver version for libpq
96 silly cache afterAdd libpq@1.8.5
97 verbose afterAdd /home/jarod/.npm/libpq/1.8.5/package/package.json not in flight; writing
98 verbose correctMkdir /home/jarod/.npm correctMkdir not in flight; initializing
99 verbose afterAdd /home/jarod/.npm/libpq/1.8.5/package/package.json written
100 silly fetchNamedPackageData nan
101 silly mapToRegistry name nan
102 silly mapToRegistry using default registry
103 silly mapToRegistry registry https://registry.npmjs.org/
104 silly mapToRegistry data Result {
104 silly mapToRegistry   raw: 'nan',
104 silly mapToRegistry   scope: null,
104 silly mapToRegistry   escapedName: 'nan',
104 silly mapToRegistry   name: 'nan',
104 silly mapToRegistry   rawSpec: '',
104 silly mapToRegistry   spec: 'latest',
104 silly mapToRegistry   type: 'tag' }
105 silly mapToRegistry uri https://registry.npmjs.org/nan
106 silly fetchNamedPackageData bindings
107 silly mapToRegistry name bindings
108 silly mapToRegistry using default registry
109 silly mapToRegistry registry https://registry.npmjs.org/
110 silly mapToRegistry data Result {
110 silly mapToRegistry   raw: 'bindings',
110 silly mapToRegistry   scope: null,
110 silly mapToRegistry   escapedName: 'bindings',
110 silly mapToRegistry   name: 'bindings',
110 silly mapToRegistry   rawSpec: '',
110 silly mapToRegistry   spec: 'latest',
110 silly mapToRegistry   type: 'tag' }
111 silly mapToRegistry uri https://registry.npmjs.org/bindings
112 verbose request uri https://registry.npmjs.org/bindings
113 verbose request no auth needed
114 info attempt registry request try #1 at 2:02:29 PM
115 verbose etag W/"580645d3-46f7"
116 verbose lastModified Tue, 18 Oct 2016 15:54:59 GMT
117 http request GET https://registry.npmjs.org/bindings
118 verbose request uri https://registry.npmjs.org/nan
119 verbose request no auth needed
120 info attempt registry request try #1 at 2:02:29 PM
121 verbose etag W/"58a44b6b-1df62"
122 verbose lastModified Wed, 15 Feb 2017 12:36:59 GMT
123 http request GET https://registry.npmjs.org/nan
124 http 304 https://registry.npmjs.org/nan
125 verbose headers { date: 'Sun, 26 Feb 2017 19:02:29 GMT',
125 verbose headers   via: '1.1 varnish',
125 verbose headers   'cache-control': 'max-age=300',
125 verbose headers   etag: 'W/"58a44b6b-1df62"',
125 verbose headers   age: '225',
125 verbose headers   connection: 'keep-alive',
125 verbose headers   'x-served-by': 'cache-jfk8124-JFK',
125 verbose headers   'x-cache': 'HIT',
125 verbose headers   'x-cache-hits': '3',
125 verbose headers   'x-timer': 'S1488135749.393866,VS0,VE0',
125 verbose headers   vary: 'Accept-Encoding' }
126 silly get cb [ 304,
126 silly get   { date: 'Sun, 26 Feb 2017 19:02:29 GMT',
126 silly get     via: '1.1 varnish',
126 silly get     'cache-control': 'max-age=300',
126 silly get     etag: 'W/"58a44b6b-1df62"',
126 silly get     age: '225',
126 silly get     connection: 'keep-alive',
126 silly get     'x-served-by': 'cache-jfk8124-JFK',
126 silly get     'x-cache': 'HIT',
126 silly get     'x-cache-hits': '3',
126 silly get     'x-timer': 'S1488135749.393866,VS0,VE0',
126 silly get     vary: 'Accept-Encoding' } ]
127 verbose etag https://registry.npmjs.org/nan from cache
128 verbose get saving nan to /home/jarod/.npm/registry.npmjs.org/nan/.cache.json
129 verbose correctMkdir /home/jarod/.npm correctMkdir not in flight; initializing
130 silly resolveWithNewModule nan@2.5.1 checking installable status
131 silly cache add args [ 'nan@^2.3.0', null ]
132 verbose cache add spec nan@^2.3.0
133 silly cache add parsed spec Result {
133 silly cache add   raw: 'nan@^2.3.0',
133 silly cache add   scope: null,
133 silly cache add   escapedName: 'nan',
133 silly cache add   name: 'nan',
133 silly cache add   rawSpec: '^2.3.0',
133 silly cache add   spec: '>=2.3.0 <3.0.0',
133 silly cache add   type: 'range' }
134 silly addNamed nan@>=2.3.0 <3.0.0
135 verbose addNamed ">=2.3.0 <3.0.0" is a valid semver range for nan
136 silly addNameRange { name: 'nan', range: '>=2.3.0 <3.0.0', hasData: false }
137 silly mapToRegistry name nan
138 silly mapToRegistry using default registry
139 silly mapToRegistry registry https://registry.npmjs.org/
140 silly mapToRegistry data Result {
140 silly mapToRegistry   raw: 'nan',
140 silly mapToRegistry   scope: null,
140 silly mapToRegistry   escapedName: 'nan',
140 silly mapToRegistry   name: 'nan',
140 silly mapToRegistry   rawSpec: '',
140 silly mapToRegistry   spec: 'latest',
140 silly mapToRegistry   type: 'tag' }
141 silly mapToRegistry uri https://registry.npmjs.org/nan
142 verbose addNameRange registry:https://registry.npmjs.org/nan not in flight; fetching
143 verbose get https://registry.npmjs.org/nan not expired, no request
144 silly addNameRange number 2 { name: 'nan', range: '>=2.3.0 <3.0.0', hasData: true }
145 silly addNameRange versions [ 'nan',
145 silly addNameRange   [ '0.3.0-wip',
145 silly addNameRange     '0.3.0-wip2',
145 silly addNameRange     '0.3.0',
145 silly addNameRange     '0.3.1',
145 silly addNameRange     '0.3.2',
145 silly addNameRange     '0.4.0',
145 silly addNameRange     '0.4.1',
145 silly addNameRange     '0.4.2',
145 silly addNameRange     '0.4.3',
145 silly addNameRange     '0.4.4',
145 silly addNameRange     '0.5.0',
145 silly addNameRange     '0.5.1',
145 silly addNameRange     '0.5.2',
145 silly addNameRange     '0.6.0',
145 silly addNameRange     '0.7.0',
145 silly addNameRange     '0.7.1',
145 silly addNameRange     '0.8.0',
145 silly addNameRange     '1.0.0',
145 silly addNameRange     '1.1.0',
145 silly addNameRange     '1.1.1',
145 silly addNameRange     '1.1.2',
145 silly addNameRange     '1.2.0',
145 silly addNameRange     '1.3.0',
145 silly addNameRange     '1.4.0',
145 silly addNameRange     '1.4.1',
145 silly addNameRange     '1.5.0',
145 silly addNameRange     '1.4.2',
145 silly addNameRange     '1.4.3',
145 silly addNameRange     '1.5.1',
145 silly addNameRange     '1.5.2',
145 silly addNameRange     '1.6.0',
145 silly addNameRange     '1.5.3',
145 silly addNameRange     '1.6.1',
145 silly addNameRange     '1.6.2',
145 silly addNameRange     '1.7.0',
145 silly addNameRange     '1.8.0',
145 silly addNameRange     '1.8.1',
145 silly addNameRange     '1.8.2',
145 silly addNameRange     '1.8.3',
145 silly addNameRange     '1.8.4',
145 silly addNameRange     '1.9.0',
145 silly addNameRange     '2.0.0',
145 silly addNameRange     '2.0.1',
145 silly addNameRange     '2.0.2',
145 silly addNameRange     '2.0.3',
145 silly addNameRange     '2.0.4',
145 silly addNameRange     '2.0.5',
145 silly addNameRange     '2.0.6',
145 silly addNameRange     '2.0.7',
145 silly addNameRange     '2.0.8',
145 silly addNameRange     '2.0.9',
145 silly addNameRange     '2.1.0',
145 silly addNameRange     '2.2.0',
145 silly addNameRange     '2.2.1',
145 silly addNameRange     '2.3.0',
145 silly addNameRange     '2.3.1',
145 silly addNameRange     '2.3.2',
145 silly addNameRange     '2.3.3',
145 silly addNameRange     '2.3.4',
145 silly addNameRange     '2.3.5',
145 silly addNameRange     '2.4.0',
145 silly addNameRange     '2.5.0',
145 silly addNameRange     '2.5.1' ] ]
146 silly addNamed nan@2.5.1
147 verbose addNamed "2.5.1" is a plain semver version for nan
148 silly cache afterAdd nan@2.5.1
149 verbose afterAdd /home/jarod/.npm/nan/2.5.1/package/package.json not in flight; writing
150 verbose correctMkdir /home/jarod/.npm correctMkdir not in flight; initializing
151 verbose afterAdd /home/jarod/.npm/nan/2.5.1/package/package.json written
152 http 304 https://registry.npmjs.org/bindings
153 verbose headers { date: 'Sun, 26 Feb 2017 19:02:29 GMT',
153 verbose headers   via: '1.1 varnish',
153 verbose headers   'cache-control': 'max-age=300',
153 verbose headers   etag: 'W/"580645d3-46f7"',
153 verbose headers   age: '0',
153 verbose headers   connection: 'keep-alive',
153 verbose headers   'x-served-by': 'cache-jfk8123-JFK',
153 verbose headers   'x-cache': 'HIT',
153 verbose headers   'x-cache-hits': '1',
153 verbose headers   'x-timer': 'S1488135749.365668,VS0,VE65',
153 verbose headers   vary: 'Accept-Encoding' }
154 silly get cb [ 304,
154 silly get   { date: 'Sun, 26 Feb 2017 19:02:29 GMT',
154 silly get     via: '1.1 varnish',
154 silly get     'cache-control': 'max-age=300',
154 silly get     etag: 'W/"580645d3-46f7"',
154 silly get     age: '0',
154 silly get     connection: 'keep-alive',
154 silly get     'x-served-by': 'cache-jfk8123-JFK',
154 silly get     'x-cache': 'HIT',
154 silly get     'x-cache-hits': '1',
154 silly get     'x-timer': 'S1488135749.365668,VS0,VE65',
154 silly get     vary: 'Accept-Encoding' } ]
155 verbose etag https://registry.npmjs.org/bindings from cache
156 verbose get saving bindings to /home/jarod/.npm/registry.npmjs.org/bindings/.cache.json
157 verbose correctMkdir /home/jarod/.npm correctMkdir not in flight; initializing
158 silly resolveWithNewModule bindings@1.2.1 checking installable status
159 silly cache add args [ 'bindings@1.2.1', null ]
160 verbose cache add spec bindings@1.2.1
161 silly cache add parsed spec Result {
161 silly cache add   raw: 'bindings@1.2.1',
161 silly cache add   scope: null,
161 silly cache add   escapedName: 'bindings',
161 silly cache add   name: 'bindings',
161 silly cache add   rawSpec: '1.2.1',
161 silly cache add   spec: '1.2.1',
161 silly cache add   type: 'version' }
162 silly addNamed bindings@1.2.1
163 verbose addNamed "1.2.1" is a plain semver version for bindings
164 silly mapToRegistry name bindings
165 silly mapToRegistry using default registry
166 silly mapToRegistry registry https://registry.npmjs.org/
167 silly mapToRegistry data Result {
167 silly mapToRegistry   raw: 'bindings',
167 silly mapToRegistry   scope: null,
167 silly mapToRegistry   escapedName: 'bindings',
167 silly mapToRegistry   name: 'bindings',
167 silly mapToRegistry   rawSpec: '',
167 silly mapToRegistry   spec: 'latest',
167 silly mapToRegistry   type: 'tag' }
168 silly mapToRegistry uri https://registry.npmjs.org/bindings
169 verbose addNameVersion registry:https://registry.npmjs.org/bindings not in flight; fetching
170 verbose get https://registry.npmjs.org/bindings not expired, no request
171 silly cache afterAdd bindings@1.2.1
172 verbose afterAdd /home/jarod/.npm/bindings/1.2.1/package/package.json not in flight; writing
173 verbose correctMkdir /home/jarod/.npm correctMkdir not in flight; initializing
174 verbose afterAdd /home/jarod/.npm/bindings/1.2.1/package/package.json written
175 silly loadAllDepsIntoIdealTree Finishing
176 silly loadIdealTree Finishing
177 silly currentTree fakebank@1.0.0
177 silly currentTree ├── core-util-is@1.0.2
177 silly currentTree ├── inherits@2.0.3
177 silly currentTree ├── isarray@0.0.1
177 silly currentTree ├── pg-types@1.6.0
177 silly currentTree ├── readable-stream@1.0.31
177 silly currentTree └── string_decoder@0.10.31
178 silly idealTree fakebank@1.0.0
178 silly idealTree ├── bindings@1.2.1
178 silly idealTree ├── core-util-is@1.0.2
178 silly idealTree ├── inherits@2.0.3
178 silly idealTree ├── isarray@0.0.1
178 silly idealTree ├── libpq@1.8.5
178 silly idealTree ├── nan@2.5.1
178 silly idealTree ├── pg-native@1.10.0
178 silly idealTree ├── pg-types@1.6.0
178 silly idealTree ├── readable-stream@1.0.31
178 silly idealTree └── string_decoder@0.10.31
179 silly generateActionsToTake Starting
180 silly install generateActionsToTake
181 silly generateActionsToTake Finishing
182 silly diffTrees action count 4
183 silly diffTrees add bindings@1.2.1
184 silly diffTrees add nan@2.5.1
185 silly diffTrees add libpq@1.8.5
186 silly diffTrees add pg-native@1.10.0
187 silly decomposeActions action count 32
188 silly decomposeActions fetch bindings@1.2.1
189 silly decomposeActions extract bindings@1.2.1
190 silly decomposeActions test bindings@1.2.1
191 silly decomposeActions preinstall bindings@1.2.1
192 silly decomposeActions build bindings@1.2.1
193 silly decomposeActions install bindings@1.2.1
194 silly decomposeActions postinstall bindings@1.2.1
195 silly decomposeActions finalize bindings@1.2.1
196 silly decomposeActions fetch nan@2.5.1
197 silly decomposeActions extract nan@2.5.1
198 silly decomposeActions test nan@2.5.1
199 silly decomposeActions preinstall nan@2.5.1
200 silly decomposeActions build nan@2.5.1
201 silly decomposeActions install nan@2.5.1
202 silly decomposeActions postinstall nan@2.5.1
203 silly decomposeActions finalize nan@2.5.1
204 silly decomposeActions fetch libpq@1.8.5
205 silly decomposeActions extract libpq@1.8.5
206 silly decomposeActions test libpq@1.8.5
207 silly decomposeActions preinstall libpq@1.8.5
208 silly decomposeActions build libpq@1.8.5
209 silly decomposeActions install libpq@1.8.5
210 silly decomposeActions postinstall libpq@1.8.5
211 silly decomposeActions finalize libpq@1.8.5
212 silly decomposeActions fetch pg-native@1.10.0
213 silly decomposeActions extract pg-native@1.10.0
214 silly decomposeActions test pg-native@1.10.0
215 silly decomposeActions preinstall pg-native@1.10.0
216 silly decomposeActions build pg-native@1.10.0
217 silly decomposeActions install pg-native@1.10.0
218 silly decomposeActions postinstall pg-native@1.10.0
219 silly decomposeActions finalize pg-native@1.10.0
220 silly runTopLevelLifecycles Starting
221 silly executeActions Starting
222 silly install executeActions
223 silly doSerial global-install 0
224 silly doParallel fetch 4
225 verbose correctMkdir /home/jarod/.npm/_locks correctMkdir not in flight; initializing
226 verbose lock using /home/jarod/.npm/_locks/staging-adf6a5c8ab72f787.lock for /home/jarod/git_repos/fakebank/FakeBank/node_modules/.staging
227 silly doParallel extract 4
228 silly extract bindings@1.2.1
229 silly extract nan@2.5.1
230 silly extract libpq@1.8.5
231 silly extract pg-native@1.10.0
232 verbose unbuild node_modules/.staging/nan-5f9c9928
233 verbose unbuild node_modules/.staging/bindings-53816e9a
234 verbose unbuild node_modules/.staging/libpq-8d58cc2b
235 verbose unbuild node_modules/.staging/pg-native-82a92f79
236 silly gentlyRm /home/jarod/git_repos/fakebank/FakeBank/node_modules/.staging/nan-5f9c9928 is being purged from base /home/jarod/git_repos/fakebank/FakeBank
237 verbose gentlyRm don't care about contents; nuking /home/jarod/git_repos/fakebank/FakeBank/node_modules/.staging/nan-5f9c9928
238 silly gentlyRm /home/jarod/git_repos/fakebank/FakeBank/node_modules/.staging/bindings-53816e9a is being purged from base /home/jarod/git_repos/fakebank/FakeBank
239 verbose gentlyRm don't care about contents; nuking /home/jarod/git_repos/fakebank/FakeBank/node_modules/.staging/bindings-53816e9a
240 silly gentlyRm /home/jarod/git_repos/fakebank/FakeBank/node_modules/.staging/libpq-8d58cc2b is being purged from base /home/jarod/git_repos/fakebank/FakeBank
241 verbose gentlyRm don't care about contents; nuking /home/jarod/git_repos/fakebank/FakeBank/node_modules/.staging/libpq-8d58cc2b
242 silly gentlyRm /home/jarod/git_repos/fakebank/FakeBank/node_modules/.staging/pg-native-82a92f79 is being purged from base /home/jarod/git_repos/fakebank/FakeBank
243 verbose gentlyRm don't care about contents; nuking /home/jarod/git_repos/fakebank/FakeBank/node_modules/.staging/pg-native-82a92f79
244 verbose tar unpack /home/jarod/.npm/nan/2.5.1/package.tgz
245 verbose tar unpacking to /home/jarod/git_repos/fakebank/FakeBank/node_modules/.staging/nan-5f9c9928
246 silly gentlyRm /home/jarod/git_repos/fakebank/FakeBank/node_modules/.staging/nan-5f9c9928 is being purged
247 verbose gentlyRm don't care about contents; nuking /home/jarod/git_repos/fakebank/FakeBank/node_modules/.staging/nan-5f9c9928
248 verbose tar unpack /home/jarod/.npm/bindings/1.2.1/package.tgz
249 verbose tar unpacking to /home/jarod/git_repos/fakebank/FakeBank/node_modules/.staging/bindings-53816e9a
250 silly gentlyRm /home/jarod/git_repos/fakebank/FakeBank/node_modules/.staging/bindings-53816e9a is being purged
251 verbose gentlyRm don't care about contents; nuking /home/jarod/git_repos/fakebank/FakeBank/node_modules/.staging/bindings-53816e9a
252 verbose tar unpack /home/jarod/.npm/libpq/1.8.5/package.tgz
253 verbose tar unpacking to /home/jarod/git_repos/fakebank/FakeBank/node_modules/.staging/libpq-8d58cc2b
254 silly gentlyRm /home/jarod/git_repos/fakebank/FakeBank/node_modules/.staging/libpq-8d58cc2b is being purged
255 verbose gentlyRm don't care about contents; nuking /home/jarod/git_repos/fakebank/FakeBank/node_modules/.staging/libpq-8d58cc2b
256 verbose tar unpack /home/jarod/.npm/pg-native/1.10.0/package.tgz
257 verbose tar unpacking to /home/jarod/git_repos/fakebank/FakeBank/node_modules/.staging/pg-native-82a92f79
258 silly gentlyRm /home/jarod/git_repos/fakebank/FakeBank/node_modules/.staging/pg-native-82a92f79 is being purged
259 verbose gentlyRm don't care about contents; nuking /home/jarod/git_repos/fakebank/FakeBank/node_modules/.staging/pg-native-82a92f79
260 silly gunzTarPerm modes [ '755', '644' ]
261 silly gunzTarPerm modes [ '755', '644' ]
262 silly gunzTarPerm modes [ '755', '644' ]
263 silly gunzTarPerm modes [ '755', '644' ]
264 silly gunzTarPerm extractEntry package.json
265 silly gunzTarPerm modified mode [ 'package.json', 436, 420 ]
266 silly gunzTarPerm extractEntry package.json
267 silly gunzTarPerm extractEntry package.json
268 silly gunzTarPerm extractEntry package.json
269 silly gunzTarPerm extractEntry README.md
270 silly gunzTarPerm modified mode [ 'README.md', 436, 420 ]
271 silly gunzTarPerm extractEntry README.md
272 silly gunzTarPerm extractEntry bindings.js
273 silly gunzTarPerm extractEntry .npmignore
274 silly gunzTarPerm extractEntry README.md
275 silly gunzTarPerm extractEntry .npmignore
276 silly gunzTarPerm extractEntry README.md
277 silly gunzTarPerm extractEntry include_dirs.js
278 silly gunzTarPerm modified mode [ 'include_dirs.js', 436, 420 ]
279 silly gunzTarPerm extractEntry nan_converters.h
280 silly gunzTarPerm modified mode [ 'nan_converters.h', 436, 420 ]
281 silly gunzTarPerm extractEntry CHANGELOG.md
282 silly gunzTarPerm modified mode [ 'CHANGELOG.md', 436, 420 ]
283 silly gunzTarPerm extractEntry LICENSE.md
284 silly gunzTarPerm modified mode [ 'LICENSE.md', 436, 420 ]
285 silly gunzTarPerm extractEntry index.js
286 silly gunzTarPerm extractEntry index.js
287 silly gunzTarPerm extractEntry bench/index.js
288 silly gunzTarPerm extractEntry bench/leaks.js
289 silly gunzTarPerm extractEntry .travis.yml
290 silly gunzTarPerm extractEntry Makefile
291 silly gunzTarPerm extractEntry lib/copy-stream.js
292 silly gunzTarPerm extractEntry test/array-mode.js
293 silly gunzTarPerm extractEntry test/custom-types.js
294 silly gunzTarPerm extractEntry test/domains.js
295 silly gunzTarPerm extractEntry test/huge-query.js
296 silly gunzTarPerm extractEntry test/copy-to.js
297 silly gunzTarPerm extractEntry test/async-workflow.js
298 silly gunzTarPerm extractEntry test/many-connections.js
299 silly gunzTarPerm extractEntry test/many-errors.js
300 silly gunzTarPerm extractEntry test/query-sync.js
301 silly gunzTarPerm extractEntry test/multiple-queries.js
302 silly gunzTarPerm extractEntry test/copy-from.js
303 silly gunzTarPerm extractEntry test/notify.js
304 silly gunzTarPerm extractEntry test/connection.js
305 silly gunzTarPerm extractEntry test/prepare.js
306 silly gunzTarPerm extractEntry test/cancel.js
307 silly gunzTarPerm extractEntry test/query-async.js
308 silly gunzTarPerm extractEntry test/index.js
309 silly gunzTarPerm extractEntry test/version.js
310 silly gunzTarPerm extractEntry test/load.js
311 silly gunzTarPerm extractEntry test/mocha.opts
312 silly gunzTarPerm extractEntry doc/node_misc.md
313 silly gunzTarPerm modified mode [ 'doc/node_misc.md', 436, 420 ]
314 silly gunzTarPerm extractEntry binding.gyp
315 silly gunzTarPerm extractEntry .travis.yml
316 silly gunzTarPerm extractEntry Makefile
317 silly gunzTarPerm extractEntry src/addon.cc
318 silly gunzTarPerm extractEntry doc/asyncworker.md
319 silly gunzTarPerm modified mode [ 'doc/asyncworker.md', 436, 420 ]
320 silly gunzTarPerm extractEntry doc/callback.md
321 silly gunzTarPerm modified mode [ 'doc/callback.md', 436, 420 ]
322 silly gunzTarPerm extractEntry src/addon.h
323 silly gunzTarPerm extractEntry src/connect-async-worker.cc
324 silly gunzTarPerm extractEntry doc/converters.md
325 silly gunzTarPerm modified mode [ 'doc/converters.md', 436, 420 ]
326 silly gunzTarPerm extractEntry doc/errors.md
327 silly gunzTarPerm modified mode [ 'doc/errors.md', 436, 420 ]
328 silly gunzTarPerm extractEntry src/connect-async-worker.h
329 silly gunzTarPerm extractEntry src/connection.cc
330 silly gunzTarPerm extractEntry doc/maybe_types.md
331 silly gunzTarPerm modified mode [ 'doc/maybe_types.md', 436, 420 ]
332 silly gunzTarPerm extractEntry doc/methods.md
333 silly gunzTarPerm modified mode [ 'doc/methods.md', 436, 420 ]
334 silly gunzTarPerm extractEntry doc/new.md
335 silly gunzTarPerm modified mode [ 'doc/new.md', 436, 420 ]
336 silly gentlyRm /home/jarod/git_repos/fakebank/FakeBank/node_modules/.staging/bindings-53816e9a/node_modules is being purged
337 verbose gentlyRm don't care about contents; nuking /home/jarod/git_repos/fakebank/FakeBank/node_modules/.staging/bindings-53816e9a/node_modules
338 silly gunzTarPerm extractEntry src/connection.h
339 silly gunzTarPerm extractEntry test/async-connection.js
340 silly gunzTarPerm extractEntry doc/buffers.md
341 silly gunzTarPerm modified mode [ 'doc/buffers.md', 436, 420 ]
342 silly gunzTarPerm extractEntry doc/object_wrappers.md
343 silly gunzTarPerm modified mode [ 'doc/object_wrappers.md', 436, 420 ]
344 silly gunzTarPerm extractEntry test/escaping.js
345 silly gunzTarPerm extractEntry test/helper.js
346 silly gunzTarPerm extractEntry doc/persistent.md
347 silly gunzTarPerm modified mode [ 'doc/persistent.md', 436, 420 ]
348 silly gunzTarPerm extractEntry doc/scopes.md
349 silly gunzTarPerm modified mode [ 'doc/scopes.md', 436, 420 ]
350 silly gunzTarPerm extractEntry test/index.js
351 silly gunzTarPerm extractEntry test/error-info.js
352 silly gunzTarPerm extractEntry doc/script.md
353 silly gunzTarPerm modified mode [ 'doc/script.md', 436, 420 ]
354 silly gunzTarPerm extractEntry doc/string_bytes.md
355 silly gunzTarPerm modified mode [ 'doc/string_bytes.md', 436, 420 ]
356 silly gunzTarPerm extractEntry test/async-socket.js
357 silly gunzTarPerm extractEntry test/sync-prepare.js
358 silly gunzTarPerm extractEntry doc/v8_internals.md
359 silly gunzTarPerm modified mode [ 'doc/v8_internals.md', 436, 420 ]
360 silly gunzTarPerm extractEntry doc/v8_misc.md
361 silly gunzTarPerm modified mode [ 'doc/v8_misc.md', 436, 420 ]
362 silly gunzTarPerm extractEntry test/multiple-queries.js
363 silly gunzTarPerm extractEntry test/non-blocking-controls.js
364 silly gunzTarPerm extractEntry nan.h
365 silly gunzTarPerm modified mode [ 'nan.h', 436, 420 ]
366 silly gunzTarPerm extractEntry nan_callbacks.h
367 silly gunzTarPerm modified mode [ 'nan_callbacks.h', 436, 420 ]
368 silly gunzTarPerm extractEntry test/notification.js
369 silly gunzTarPerm extractEntry test/error-conditions.js
370 silly gunzTarPerm extractEntry nan_callbacks_12_inl.h
371 silly gunzTarPerm modified mode [ 'nan_callbacks_12_inl.h', 436, 420 ]
372 silly gunzTarPerm extractEntry nan_callbacks_pre_12_inl.h
373 silly gunzTarPerm modified mode [ 'nan_callbacks_pre_12_inl.h', 436, 420 ]
374 silly gunzTarPerm extractEntry test/result-accessors.js
375 silly gunzTarPerm extractEntry test/copy-out.js
376 silly gunzTarPerm extractEntry test/server-version.js
377 silly gunzTarPerm extractEntry test/copy-in.js
378 silly gunzTarPerm extractEntry nan_converters_43_inl.h
379 silly gunzTarPerm modified mode [ 'nan_converters_43_inl.h', 436, 420 ]
380 silly gunzTarPerm extractEntry nan_converters_pre_43_inl.h
381 silly gunzTarPerm modified mode [ 'nan_converters_pre_43_inl.h', 436, 420 ]
382 silly gunzTarPerm extractEntry nan_implementation_12_inl.h
383 silly gunzTarPerm modified mode [ 'nan_implementation_12_inl.h', 436, 420 ]
384 silly gunzTarPerm extractEntry nan_implementation_pre_12_inl.h
385 silly gunzTarPerm modified mode [ 'nan_implementation_pre_12_inl.h', 436, 420 ]
386 silly gunzTarPerm extractEntry test/socket.js
387 silly gunzTarPerm extractEntry test/construction.js
388 silly gunzTarPerm extractEntry nan_maybe_43_inl.h
389 silly gunzTarPerm modified mode [ 'nan_maybe_43_inl.h', 436, 420 ]
390 silly gunzTarPerm extractEntry nan_maybe_pre_43_inl.h
391 silly gunzTarPerm modified mode [ 'nan_maybe_pre_43_inl.h', 436, 420 ]
392 silly gunzTarPerm extractEntry nan_new.h
393 silly gunzTarPerm modified mode [ 'nan_new.h', 436, 420 ]
394 silly gunzTarPerm extractEntry test/sync-integration.js
395 silly gunzTarPerm extractEntry test/cancel.js
396 silly gunzTarPerm extractEntry nan_object_wrap.h
397 silly gunzTarPerm modified mode [ 'nan_object_wrap.h', 436, 420 ]
398 silly gunzTarPerm extractEntry test/sync-parameters.js
399 silly gunzTarPerm extractEntry test/load.js
400 silly gunzTarPerm extractEntry nan_persistent_12_inl.h
401 silly gunzTarPerm modified mode [ 'nan_persistent_12_inl.h', 436, 420 ]
402 silly gunzTarPerm extractEntry nan_persistent_pre_12_inl.h
403 silly gunzTarPerm modified mode [ 'nan_persistent_pre_12_inl.h', 436, 420 ]
404 silly gunzTarPerm extractEntry test/sync.js
405 silly gunzTarPerm extractEntry test/many-connections.js
406 silly gunzTarPerm extractEntry nan_private.h
407 silly gunzTarPerm modified mode [ 'nan_private.h', 436, 420 ]
408 silly gunzTarPerm extractEntry nan_string_bytes.h
409 silly gunzTarPerm modified mode [ 'nan_string_bytes.h', 436, 420 ]
410 silly gunzTarPerm extractEntry test/mocha.opts
411 silly gunzTarPerm extractEntry nan_typedarray_contents.h
412 silly gunzTarPerm modified mode [ 'nan_typedarray_contents.h', 436, 420 ]
413 silly gunzTarPerm extractEntry nan_weak.h
414 silly gunzTarPerm modified mode [ 'nan_weak.h', 436, 420 ]
415 silly gunzTarPerm extractEntry tools/package.json
416 silly gunzTarPerm modified mode [ 'tools/package.json', 436, 420 ]
417 silly gunzTarPerm extractEntry tools/README.md
418 silly gunzTarPerm modified mode [ 'tools/README.md', 436, 420 ]
419 silly gunzTarPerm extractEntry tools/1to2.js
420 silly gunzTarPerm modified mode [ 'tools/1to2.js', 509, 493 ]
421 silly gentlyRm /home/jarod/git_repos/fakebank/FakeBank/node_modules/.staging/pg-native-82a92f79/node_modules is being purged
422 verbose gentlyRm don't care about contents; nuking /home/jarod/git_repos/fakebank/FakeBank/node_modules/.staging/pg-native-82a92f79/node_modules
423 silly gentlyRm /home/jarod/git_repos/fakebank/FakeBank/node_modules/.staging/libpq-8d58cc2b/node_modules is being purged
424 verbose gentlyRm don't care about contents; nuking /home/jarod/git_repos/fakebank/FakeBank/node_modules/.staging/libpq-8d58cc2b/node_modules
425 silly gentlyRm /home/jarod/git_repos/fakebank/FakeBank/node_modules/.staging/nan-5f9c9928/node_modules is being purged
426 verbose gentlyRm don't care about contents; nuking /home/jarod/git_repos/fakebank/FakeBank/node_modules/.staging/nan-5f9c9928/node_modules
427 silly doParallel preinstall 4
428 silly preinstall bindings@1.2.1 /home/jarod/git_repos/fakebank/FakeBank/node_modules/.staging/bindings-53816e9a
429 info lifecycle bindings@1.2.1~preinstall: bindings@1.2.1
430 silly preinstall nan@2.5.1 /home/jarod/git_repos/fakebank/FakeBank/node_modules/.staging/nan-5f9c9928
431 info lifecycle nan@2.5.1~preinstall: nan@2.5.1
432 silly preinstall libpq@1.8.5 /home/jarod/git_repos/fakebank/FakeBank/node_modules/.staging/libpq-8d58cc2b
433 info lifecycle libpq@1.8.5~preinstall: libpq@1.8.5
434 silly preinstall pg-native@1.10.0 /home/jarod/git_repos/fakebank/FakeBank/node_modules/.staging/pg-native-82a92f79
435 info lifecycle pg-native@1.10.0~preinstall: pg-native@1.10.0
436 silly lifecycle bindings@1.2.1~preinstall: no script for preinstall, continuing
437 silly lifecycle nan@2.5.1~preinstall: no script for preinstall, continuing
438 silly lifecycle libpq@1.8.5~preinstall: no script for preinstall, continuing
439 silly lifecycle pg-native@1.10.0~preinstall: no script for preinstall, continuing
440 silly doReverseSerial remove 0
441 silly doSerial move 0
442 silly doSerial finalize 4
443 silly finalize /home/jarod/git_repos/fakebank/FakeBank/node_modules/bindings
444 silly finalize /home/jarod/git_repos/fakebank/FakeBank/node_modules/nan
445 silly finalize /home/jarod/git_repos/fakebank/FakeBank/node_modules/libpq
446 silly finalize /home/jarod/git_repos/fakebank/FakeBank/node_modules/pg-native
447 silly doSerial build 4
448 silly build bindings@1.2.1
449 info linkStuff bindings@1.2.1
450 silly linkStuff bindings@1.2.1 has /home/jarod/git_repos/fakebank/FakeBank/node_modules as its parent node_modules
451 verbose linkBins bindings@1.2.1
452 verbose linkMans bindings@1.2.1
453 silly build nan@2.5.1
454 info linkStuff nan@2.5.1
455 silly linkStuff nan@2.5.1 has /home/jarod/git_repos/fakebank/FakeBank/node_modules as its parent node_modules
456 verbose linkBins nan@2.5.1
457 verbose linkMans nan@2.5.1
458 silly build libpq@1.8.5
459 info linkStuff libpq@1.8.5
460 silly linkStuff libpq@1.8.5 has /home/jarod/git_repos/fakebank/FakeBank/node_modules as its parent node_modules
461 verbose linkBins libpq@1.8.5
462 verbose linkMans libpq@1.8.5
463 silly build pg-native@1.10.0
464 info linkStuff pg-native@1.10.0
465 silly linkStuff pg-native@1.10.0 has /home/jarod/git_repos/fakebank/FakeBank/node_modules as its parent node_modules
466 verbose linkBins pg-native@1.10.0
467 verbose linkMans pg-native@1.10.0
468 silly doSerial global-link 0
469 silly doParallel update-linked 0
470 silly doSerial install 4
471 silly install bindings@1.2.1 /home/jarod/git_repos/fakebank/FakeBank/node_modules/.staging/bindings-53816e9a
472 info lifecycle bindings@1.2.1~install: bindings@1.2.1
473 silly lifecycle bindings@1.2.1~install: no script for install, continuing
474 silly install nan@2.5.1 /home/jarod/git_repos/fakebank/FakeBank/node_modules/.staging/nan-5f9c9928
475 info lifecycle nan@2.5.1~install: nan@2.5.1
476 silly lifecycle nan@2.5.1~install: no script for install, continuing
477 silly install libpq@1.8.5 /home/jarod/git_repos/fakebank/FakeBank/node_modules/.staging/libpq-8d58cc2b
478 info lifecycle libpq@1.8.5~install: libpq@1.8.5
479 verbose lifecycle libpq@1.8.5~install: unsafe-perm in lifecycle false
480 verbose lifecycle libpq@1.8.5~install: PATH: /usr/local/lib/node_modules/npm/bin/node-gyp-bin:/home/jarod/git_repos/fakebank/FakeBank/node_modules/libpq/node_modules/.bin:/home/jarod/git_repos/fakebank/FakeBank/node_modules/.bin:/usr/local/sbin:/usr/local/bin:/usr/sbin:/usr/bin:/sbin:/bin
481 verbose lifecycle libpq@1.8.5~install: CWD: /home/jarod/git_repos/fakebank/FakeBank/node_modules/libpq
482 silly lifecycle libpq@1.8.5~install: Args: [ '-c', 'node-gyp rebuild' ]
483 silly lifecycle libpq@1.8.5~install: Returned: code: 1  signal: null
484 info lifecycle libpq@1.8.5~install: Failed to exec install script
485 verbose unlock done using /home/jarod/.npm/_locks/staging-adf6a5c8ab72f787.lock for /home/jarod/git_repos/fakebank/FakeBank/node_modules/.staging
486 silly rollbackFailedOptional Starting
487 silly rollbackFailedOptional Finishing
488 silly runTopLevelLifecycles Finishing
489 silly install printInstalled
490 warn fakebank@1.0.0 No description
491 verbose If you need help, you may report this error at:
491 verbose     <https://github.com/npm/npm/issues>
492 verbose stack Error: libpq@1.8.5 install: `node-gyp rebuild`
492 verbose stack Exit status 1
492 verbose stack     at EventEmitter.<anonymous> (/usr/local/lib/node_modules/npm/lib/utils/lifecycle.js:255:16)
492 verbose stack     at emitTwo (events.js:106:13)
492 verbose stack     at EventEmitter.emit (events.js:191:7)
492 verbose stack     at ChildProcess.<anonymous> (/usr/local/lib/node_modules/npm/lib/utils/spawn.js:40:14)
492 verbose stack     at emitTwo (events.js:106:13)
492 verbose stack     at ChildProcess.emit (events.js:191:7)
492 verbose stack     at maybeClose (internal/child_process.js:885:16)
492 verbose stack     at Process.ChildProcess._handle.onexit (internal/child_process.js:226:5)
493 verbose pkgid libpq@1.8.5
494 verbose cwd /home/jarod/git_repos/fakebank/FakeBank
495 error Linux 4.4.0-64-generic
496 error argv "/usr/local/bin/node" "/usr/local/bin/npm" "install" "pg-native"
497 error node v7.2.0
498 error npm  v3.10.9
499 error code ELIFECYCLE
500 error libpq@1.8.5 install: `node-gyp rebuild`
500 error Exit status 1
501 error Failed at the libpq@1.8.5 install script 'node-gyp rebuild'.
501 error Make sure you have the latest version of node.js and npm installed.
501 error If you do, this is most likely a problem with the libpq package,
501 error not with npm itself.
501 error Tell the author that this fails on your system:
501 error     node-gyp rebuild
501 error You can get information on how to open an issue for this project with:
501 error     npm bugs libpq
501 error Or if that isn't available, you can get their info via:
501 error     npm owner ls libpq
501 error There is likely additional logging output above.
502 verbose exit [ 1, true ]
